/
/favicon.ico
/
/
/favicon.ico
/
/favicon.ico
/
/favicon.ico
/
/favicon.ico
/
/favicon.ico
/
/favicon.ico
/
/favicon.ico
/
/favicon.ico
/
/favicon.ico
/
/favicon.ico
/
/favicon.ico
/
/favicon.ico
/
/favicon.ico
/
/favicon.ico
/
/favicon.ico
/
/favicon.ico
/
/favicon.ico
/
/favicon.ico
/
/favicon.ico
/
/favicon.ico
/
/favicon.ico
/
/favicon.ico
/
/favicon.ico
/
/favicon.ico
/
/favicon.ico
/
/favicon.ico
/
/favicon.ico
/
/favicon.ico
/
/favicon.ico
/
/favicon.ico
/
/favicon.ico
/favicon.ico
/
/
/favicon.ico
/
/favicon.ico
/
/favicon.ico
/
/favicon.ico
/
/favicon.ico
/
/favicon.ico
/
/favicon.ico
/
/favicon.ico
/
/favicon.ico
/
/favicon.ico
/
/favicon.ico
/
/favicon.ico
/
/favicon.ico
/
/favicon.ico
/
/favicon.ico
/
/favicon.ico
/
/favicon.ico
/
/favicon.ico
/
/favicon.ico
/
/favicon.ico
/
/favicon.ico
/
/favicon.ico
/
/favicon.ico
/
/favicon.ico
/
/favicon.ico
/
/favicon.ico
/
/favicon.ico
/
/favicon.ico
/
/favicon.ico
/
/favicon.ico
/
/favicon.ico
/
/favicon.ico
/
/favicon.ico
/
/favicon.ico
/
/favicon.ico
/
/favicon.ico
/
/favicon.ico
/
/favicon.ico
/
/favicon.ico
/
/favicon.ico
/
/favicon.ico
/
/favicon.ico
/
/favicon.ico
/
/favicon.ico
/
/favicon.ico
/
/favicon.ico
/
/favicon.ico
/
/favicon.ico
/
/favicon.ico
/
/favicon.ico
/
/favicon.ico
/header.php
/favicon.ico
/header.php
/favicon.ico
/header.php
/favicon.ico
/echo.php
/echo.php
/echo.php
/echo.php
/echo.php
/echo.php
/echo.php
/echo.php
/echo.php
/echo.php
/echo.php
/echo.php
/echo.php
/echo.php
/echo.php
/echo.php
/echo.php
/echo.php
/echo.php
/echo.php
/echo.php
/echo.php
/echo.php
/echo.php
/echo.php
/echo.php
/echo.php
/echo.php
/echo.php
/echo.php
/echo.php
/echo.php
/echo.php
/echo.php
/echo.php
/echo.php
/echo.php
/echo.php
/echo.php
/echo.php
/echo.php
/echo.php
/echo.php
/echo.php
/echo.php?__ASYNCLIST__=123&a=1
/echo.php?__ASYNCLIST__=123&a=123
/echo.php?__ASYNCLIST__=sina&a=123
/echo.php?__ASYNCLIST__=sina&a=sina
/echo.php?__ASYNCLIST__=sina&a=sina
/echo.php?__ASYNCLIST__=sina&a=sina
/echo.php?__ASYNCLIST__=sina&a=sina
/echo.php?__ASYNCLIST__=sina&a=sina
/echo.php?__ASYNCLIST__=sina&a=sina
/echo.php
/echo.php
/echo.php?__ASYNCLIST__=location
/echo.php?__ASYNCLIST__=location
/echo.php?__ASYNCLIST__=location
/echo.php?__ASYNCLIST__=location
/echo.php?__ASYNCLIST__=location
/echo.php?__ASYNCLIST__=location,
/echo.php?__ASYNCLIST__=location
/echo.php?__ASYNCLIST__=location,a
/echo.php?__ASYNCLIST__=location,a
/echo.php?__ASYNCLIST__=location,a
/echo.php?__ASYNCLIST__=location,a
/echo.php?__ASYNCLIST__=location,a
/echo.php?__ASYNCLIST__=location,a
/echo.php?__ASYNCLIST__=location,a
/echo.php?__ASYNCLIST__=location,a
/echo.php?__ASYNCLIST__=location,a
/echo.php?__ASYNCLIST__=location,a
/echo.php?__ASYNCLIST__=location,a
/echo.php?__ASYNCLIST__=location,a
/echo.php?__ASYNCLIST__=location
/echo.php?__ASYNCLIST__=location,
/echo.php?__ASYNCLIST__=location,asd
/echo.php?__ASYNCLIST__=location,
/echo.php?__ASYNCLIST__=location
/echo.php?__ASYNCLIST__=location
/echo.php?__ASYNCLIST__=location
/echo.php?__ASYNCLIST__=location
/echo.php?__ASYNCLIST__=location,
/echo.php?__ASYNCLIST__=location,asd
/echo.php?__ASYNCLIST__=location,asd
/echo.php?__ASYNCLIST__=location,asd
/echo.php?__ASYNCLIST__=location,asd
/echo.php?__ASYNCLIST__=location,asd
/echo.php?__ASYNCLIST__=location,asd
/echo.php?__ASYNCLIST__=location,asd
/echo.php?__ASYNCLIST__=location,asd
/echo.php?__ASYNCLIST__=location,asd
/echo.php?__ASYNCLIST__=location,asd
/echo.php?__ASYNCLIST__=location,asd
/echo.php?__ASYNCLIST__=location,asd,123
/echo.php?__ASYNCLIST__=location,asd,123
/echo.php?__ASYNCLIST__=location,asd,123
/echo.php?__ASYNCLIST__=location,asd,123
/echo.php?__ASYNCLIST__=location,asd,123
/echo.php?__ASYNCLIST__=location,asd,123
/echo.php?__ASYNCLIST__=location,asd,123
/echo.php?__ASYNCLIST__=location,asd,123
/echo.php?__ASYNCLIST__=location,asd,123
/echo.php?__ASYNCLIST__=location,asd,123
/echo.php?__ASYNCLIST__=location,asd,123
/echo.php?__ASYNCLIST__=location,asd,123
/echo.php?__ASYNCLIST__=location,asd,123,%3CEvent%3E%3C![CDATA[SCAN]]%3E%3C/Event%3E
/echo.php?__ASYNCLIST__=location,asd,123,%3CEvent%3E%3C![CDATA[SCAN]]%3E%3C/Event%3E
/echo.php?__ASYNCLIST__=location,asd,123,%3CEvent%3E%3C![CDATA[SCAN]]%3E%3C/Event%3E
/echo.php?__ASYNCLIST__=location,asd,123,%3CEvent%3E%3C![CDATA[SCAN]]%3E%3C/Event%3E
/echo.php?__ASYNCLIST__=location,asd,123,%3CEvent%3E%3C![CDATA[SCAN]]%3E%3C/Event%3E
/echo.php?__ASYNCLIST__=location,asd,123,%3CEvent%3E%3C![CDATA[SCAN]]%3E%3C/Event%3E
/echo.php?__ASYNCLIST__=location,asd,123,%3CEvent%3E%3C![CDATA[SCAN]]%3E%3C/Event%3E
/echo.php?__ASYNCLIST__=location,asd,123,%3CEvent%3E%3C![CDATA[SCAN]]%3E%3C/Event%3E
/echo.php?__ASYNCLIST__=location,asd,123,%3CEvent%3E%3C![CDATA[SCAN]]%3E%3C/Event%3E
/echo.php?__ASYNCLIST__=location,asd,123,%3CEvent%3E%3C![CDATA[SCAN]]%3E%3C/Event%3E
/echo.php?__ASYNCLIST__=location,asd,123,%3CEvent%3E%3C![CDATA[SCAN]]%3E%3C/Event%3E
/echo.php?__ASYNCLIST__=location,asd,123,%3CEvent%3E%3C![CDATA[SCAN]]%3E%3C/Event%3E
/echo.php?__ASYNCLIST__=location,asd,123,%3CEvent%3E%3C![CDATA[SCAN]]%3E%3C/Event%3E
/echo.php?__ASYNCLIST__=location,asd,123,%3CEvent%3E%3C![CDATA[SCAN]]%3E%3C/Event%3E
/echo.php?__ASYNCLIST__=location,asd,123,%3CEvent%3E%3C![CDATA[SCAN]]%3E%3C/Event%3E
/echo.php?__ASYNCLIST__=location,asd,123,%3CEvent%3E%3C![CDATA[SCAN]]%3E%3C/Event%3E
/echo.php?__ASYNCLIST__=location,asd,123,CDATA[SCAN]]
